[     882ms] [INFO] Loading the script 'https://www.youtube.com/s/_/ytembeds/_/js/k=ytembeds.base.en_US.hlOHPMP-Qso.2021.O/am=AAAAIA/d=1/br=1/rs=AGKMywEcxwUiwDveKGZ0NRxn02w8vBWO4A/m=root,base' violates the following Content Security Policy directive: "script-src 'unsafe-inline'". Note that 'script-src-elem' was not explicitly set, so 'script-src' is used as a fallback. The policy is report-only, so the violation has been logged but no further action has been taken. @ https://www.youtube.com/embed/RcGyVTAoXEU?rel=0:0
[     893ms] [INFO] Loading the script 'https://www.youtube.com/s/player/2d01abf7/player_embed_es6.vflset/en_US/base.js' violates the following Content Security Policy directive: "script-src 'unsafe-inline'". Note that 'script-src-elem' was not explicitly set, so 'script-src' is used as a fallback. The policy is report-only, so the violation has been logged but no further action has been taken. @ https://www.youtube.com/embed/RcGyVTAoXEU?rel=0:0
[     929ms] [INFO] Loading the script 'https://static.doubleclick.net/instream/ad_status.js' violates the following Content Security Policy directive: "script-src 'unsafe-inline'". Note that 'script-src-elem' was not explicitly set, so 'script-src' is used as a fallback. The policy is report-only, so the violation has been logged but no further action has been taken. @ https://www.youtube.com/s/_/ytembeds/_/js/k=ytembeds.base.en_US.hlOHPMP-Qso.2021.O/am=AAAAIA/d=1/br=1/rs=AGKMywEcxwUiwDveKGZ0NRxn02w8vBWO4A/m=root,base:745
[     936ms] [INFO] Loading the script 'https://www.youtube.com/s/_/ytembeds/_/js/k=ytembeds.base.en_US.hlOHPMP-Qso.2021.O/am=AAAAIA/d=1/exm=base,root/ed=1/br=1/rs=AGKMywEcxwUiwDveKGZ0NRxn02w8vBWO4A/m=r78Drb' violates the following Content Security Policy directive: "script-src 'unsafe-inline'". Note that 'script-src-elem' was not explicitly set, so 'script-src' is used as a fallback. The policy is report-only, so the violation has been logged but no further action has been taken. @ https://www.youtube.com/s/_/ytembeds/_/js/k=ytembeds.base.en_US.hlOHPMP-Qso.2021.O/am=AAAAIA/d=1/br=1/rs=AGKMywEcxwUiwDveKGZ0NRxn02w8vBWO4A/m=root,base:157
[    1058ms] [ERROR] Failed to load resource: the server responded with a status of 404 (Not Found) @ http://localhost:44300/favicon.ico:0
[    1439ms] [INFO] Loading the script 'https://www.google.com/js/th/xKLVT7c1klUXn3sekAl5SGniL95Twe6uMh3FeOhODc8.js' violates the following Content Security Policy directive: "script-src 'unsafe-inline'". Note that 'script-src-elem' was not explicitly set, so 'script-src' is used as a fallback. The policy is report-only, so the violation has been logged but no further action has been taken. @ https://www.youtube.com/s/_/ytembeds/_/js/k=ytembeds.base.en_US.hlOHPMP-Qso.2021.O/am=AAAAIA/d=1/br=1/rs=AGKMywEcxwUiwDveKGZ0NRxn02w8vBWO4A/m=root,base:781
[    1479ms] [INFO] Evaluating a string as JavaScript violates the following Content Security Policy directive because 'unsafe-eval' is not an allowed source of script: "script-src 'unsafe-inline'".
 The policy is report-only, so the violation has been logged but no further action has been taken. @ https://www.google.com/js/th/xKLVT7c1klUXn3sekAl5SGniL95Twe6uMh3FeOhODc8.js:1
[    1480ms] [INFO] Evaluating a string as JavaScript violates the following Content Security Policy directive because 'unsafe-eval' is not an allowed source of script: "script-src 'unsafe-inline'".
 The policy is report-only, so the violation has been logged but no further action has been taken. @ https://www.google.com/js/th/xKLVT7c1klUXn3sekAl5SGniL95Twe6uMh3FeOhODc8.js:1
[    1494ms] [INFO] Evaluating a string as JavaScript violates the following Content Security Policy directive because 'unsafe-eval' is not an allowed source of script: "script-src 'unsafe-inline'".
 The policy is report-only, so the violation has been logged but no further action has been taken. @ :1308
[    1504ms] [INFO] Evaluating a string as JavaScript violates the following Content Security Policy directive because 'unsafe-eval' is not an allowed source of script: "script-src 'unsafe-inline'".
 The policy is report-only, so the violation has been logged but no further action has been taken. @ :1308
[    1506ms] [INFO] Evaluating a string as JavaScript violates the following Content Security Policy directive because 'unsafe-eval' is not an allowed source of script: "script-src 'unsafe-inline'".
 The policy is report-only, so the violation has been logged but no further action has been taken. @ :1308
[    1507ms] [INFO] Evaluating a string as JavaScript violates the following Content Security Policy directive because 'unsafe-eval' is not an allowed source of script: "script-src 'unsafe-inline'".
 The policy is report-only, so the violation has been logged but no further action has been taken. @ :1308
[    1536ms] [INFO] Evaluating a string as JavaScript violates the following Content Security Policy directive because 'unsafe-eval' is not an allowed source of script: "script-src 'unsafe-inline'".
 The policy is report-only, so the violation has been logged but no further action has been taken. @ :1308
[    1536ms] [INFO] Evaluating a string as JavaScript violates the following Content Security Policy directive because 'unsafe-eval' is not an allowed source of script: "script-src 'unsafe-inline'".
 The policy is report-only, so the violation has been logged but no further action has been taken. @ :1308
[    1536ms] [INFO] Evaluating a string as JavaScript violates the following Content Security Policy directive because 'unsafe-eval' is not an allowed source of script: "script-src 'unsafe-inline'".
 The policy is report-only, so the violation has been logged but no further action has been taken. @ :1308
[    1536ms] [INFO] Evaluating a string as JavaScript violates the following Content Security Policy directive because 'unsafe-eval' is not an allowed source of script: "script-src 'unsafe-inline'".
 The policy is report-only, so the violation has been logged but no further action has been taken. @ :1308
[    1537ms] [INFO] Evaluating a string as JavaScript violates the following Content Security Policy directive because 'unsafe-eval' is not an allowed source of script: "script-src 'unsafe-inline'".
 The policy is report-only, so the violation has been logged but no further action has been taken. @ :1308
[    1537ms] [INFO] Evaluating a string as JavaScript violates the following Content Security Policy directive because 'unsafe-eval' is not an allowed source of script: "script-src 'unsafe-inline'".
 The policy is report-only, so the violation has been logged but no further action has been taken. @ :1308
[    1538ms] [INFO] Evaluating a string as JavaScript violates the following Content Security Policy directive because 'unsafe-eval' is not an allowed source of script: "script-src 'unsafe-inline'".
 The policy is report-only, so the violation has been logged but no further action has been taken. @ :1308
[    1538ms] [INFO] Evaluating a string as JavaScript violates the following Content Security Policy directive because 'unsafe-eval' is not an allowed source of script: "script-src 'unsafe-inline'".
 The policy is report-only, so the violation has been logged but no further action has been taken. @ :1308
[    1538ms] [INFO] Evaluating a string as JavaScript violates the following Content Security Policy directive because 'unsafe-eval' is not an allowed source of script: "script-src 'unsafe-inline'".
 The policy is report-only, so the violation has been logged but no further action has been taken. @ :1308
[    1538ms] [INFO] Evaluating a string as JavaScript violates the following Content Security Policy directive because 'unsafe-eval' is not an allowed source of script: "script-src 'unsafe-inline'".
 The policy is report-only, so the violation has been logged but no further action has been taken. @ :1308
[    1538ms] [INFO] Evaluating a string as JavaScript violates the following Content Security Policy directive because 'unsafe-eval' is not an allowed source of script: "script-src 'unsafe-inline'".
 The policy is report-only, so the violation has been logged but no further action has been taken. @ :1308
[    1538ms] [INFO] Evaluating a string as JavaScript violates the following Content Security Policy directive because 'unsafe-eval' is not an allowed source of script: "script-src 'unsafe-inline'".
 The policy is report-only, so the violation has been logged but no further action has been taken. @ :1308
[    1539ms] [INFO] Evaluating a string as JavaScript violates the following Content Security Policy directive because 'unsafe-eval' is not an allowed source of script: "script-src 'unsafe-inline'".
 The policy is report-only, so the violation has been logged but no further action has been taken. @ :1308
[    1539ms] [INFO] Evaluating a string as JavaScript violates the following Content Security Policy directive because 'unsafe-eval' is not an allowed source of script: "script-src 'unsafe-inline'".
 The policy is report-only, so the violation has been logged but no further action has been taken. @ :1308
[    1539ms] [INFO] Evaluating a string as JavaScript violates the following Content Security Policy directive because 'unsafe-eval' is not an allowed source of script: "script-src 'unsafe-inline'".
 The policy is report-only, so the violation has been logged but no further action has been taken. @ :1308
[    1539ms] [INFO] Evaluating a string as JavaScript violates the following Content Security Policy directive because 'unsafe-eval' is not an allowed source of script: "script-src 'unsafe-inline'".
 The policy is report-only, so the violation has been logged but no further action has been taken. @ :1308
[    1540ms] [INFO] Evaluating a string as JavaScript violates the following Content Security Policy directive because 'unsafe-eval' is not an allowed source of script: "script-src 'unsafe-inline'".
 The policy is report-only, so the violation has been logged but no further action has been taken. @ :1308
[    1540ms] [INFO] Evaluating a string as JavaScript violates the following Content Security Policy directive because 'unsafe-eval' is not an allowed source of script: "script-src 'unsafe-inline'".
 The policy is report-only, so the violation has been logged but no further action has been taken. @ :1308
[    1540ms] [INFO] Evaluating a string as JavaScript violates the following Content Security Policy directive because 'unsafe-eval' is not an allowed source of script: "script-src 'unsafe-inline'".
 The policy is report-only, so the violation has been logged but no further action has been taken. @ :1308
[    1540ms] [INFO] Evaluating a string as JavaScript violates the following Content Security Policy directive because 'unsafe-eval' is not an allowed source of script: "script-src 'unsafe-inline'".
 The policy is report-only, so the violation has been logged but no further action has been taken. @ :1308
[    1540ms] [INFO] Evaluating a string as JavaScript violates the following Content Security Policy directive because 'unsafe-eval' is not an allowed source of script: "script-src 'unsafe-inline'".
 The policy is report-only, so the violation has been logged but no further action has been taken. @ :1308
[    1541ms] [INFO] Evaluating a string as JavaScript violates the following Content Security Policy directive because 'unsafe-eval' is not an allowed source of script: "script-src 'unsafe-inline'".
 The policy is report-only, so the violation has been logged but no further action has been taken. @ :1308
[    1541ms] [INFO] Evaluating a string as JavaScript violates the following Content Security Policy directive because 'unsafe-eval' is not an allowed source of script: "script-src 'unsafe-inline'".
 The policy is report-only, so the violation has been logged but no further action has been taken. @ :1308
[    1541ms] [INFO] Evaluating a string as JavaScript violates the following Content Security Policy directive because 'unsafe-eval' is not an allowed source of script: "script-src 'unsafe-inline'".
 The policy is report-only, so the violation has been logged but no further action has been taken. @ :1308
[    1541ms] [INFO] Evaluating a string as JavaScript violates the following Content Security Policy directive because 'unsafe-eval' is not an allowed source of script: "script-src 'unsafe-inline'".
 The policy is report-only, so the violation has been logged but no further action has been taken. @ :1308
[    1542ms] [INFO] Evaluating a string as JavaScript violates the following Content Security Policy directive because 'unsafe-eval' is not an allowed source of script: "script-src 'unsafe-inline'".
 The policy is report-only, so the violation has been logged but no further action has been taken. @ :1308
[    1542ms] [INFO] Evaluating a string as JavaScript violates the following Content Security Policy directive because 'unsafe-eval' is not an allowed source of script: "script-src 'unsafe-inline'".
 The policy is report-only, so the violation has been logged but no further action has been taken. @ :1308
[    1542ms] [INFO] Evaluating a string as JavaScript violates the following Content Security Policy directive because 'unsafe-eval' is not an allowed source of script: "script-src 'unsafe-inline'".
 The policy is report-only, so the violation has been logged but no further action has been taken. @ :1308
[    1542ms] [INFO] Evaluating a string as JavaScript violates the following Content Security Policy directive because 'unsafe-eval' is not an allowed source of script: "script-src 'unsafe-inline'".
 The policy is report-only, so the violation has been logged but no further action has been taken. @ :1308
[    1542ms] [INFO] Evaluating a string as JavaScript violates the following Content Security Policy directive because 'unsafe-eval' is not an allowed source of script: "script-src 'unsafe-inline'".
 The policy is report-only, so the violation has been logged but no further action has been taken. @ :1308
[    1542ms] [INFO] Evaluating a string as JavaScript violates the following Content Security Policy directive because 'unsafe-eval' is not an allowed source of script: "script-src 'unsafe-inline'".
 The policy is report-only, so the violation has been logged but no further action has been taken. @ :1308
[    1543ms] [INFO] Evaluating a string as JavaScript violates the following Content Security Policy directive because 'unsafe-eval' is not an allowed source of script: "script-src 'unsafe-inline'".
 The policy is report-only, so the violation has been logged but no further action has been taken. @ :1308
[    1543ms] [INFO] Evaluating a string as JavaScript violates the following Content Security Policy directive because 'unsafe-eval' is not an allowed source of script: "script-src 'unsafe-inline'".
 The policy is report-only, so the violation has been logged but no further action has been taken. @ :1308
[    1543ms] [INFO] Evaluating a string as JavaScript violates the following Content Security Policy directive because 'unsafe-eval' is not an allowed source of script: "script-src 'unsafe-inline'".
 The policy is report-only, so the violation has been logged but no further action has been taken. @ :1308
[    1543ms] [INFO] Evaluating a string as JavaScript violates the following Content Security Policy directive because 'unsafe-eval' is not an allowed source of script: "script-src 'unsafe-inline'".
 The policy is report-only, so the violation has been logged but no further action has been taken. @ :1308
[    1544ms] [INFO] Evaluating a string as JavaScript violates the following Content Security Policy directive because 'unsafe-eval' is not an allowed source of script: "script-src 'unsafe-inline'".
 The policy is report-only, so the violation has been logged but no further action has been taken. @ :1308
[    1544ms] [INFO] Evaluating a string as JavaScript violates the following Content Security Policy directive because 'unsafe-eval' is not an allowed source of script: "script-src 'unsafe-inline'".
 The policy is report-only, so the violation has been logged but no further action has been taken. @ :1308
[    1544ms] [INFO] Evaluating a string as JavaScript violates the following Content Security Policy directive because 'unsafe-eval' is not an allowed source of script: "script-src 'unsafe-inline'".
 The policy is report-only, so the violation has been logged but no further action has been taken. @ :1308
[    1544ms] [INFO] Evaluating a string as JavaScript violates the following Content Security Policy directive because 'unsafe-eval' is not an allowed source of script: "script-src 'unsafe-inline'".
 The policy is report-only, so the violation has been logged but no further action has been taken. @ :1308
[    1545ms] [INFO] Evaluating a string as JavaScript violates the following Content Security Policy directive because 'unsafe-eval' is not an allowed source of script: "script-src 'unsafe-inline'".
 The policy is report-only, so the violation has been logged but no further action has been taken. @ :1308
[    1545ms] [INFO] Evaluating a string as JavaScript violates the following Content Security Policy directive because 'unsafe-eval' is not an allowed source of script: "script-src 'unsafe-inline'".
 The policy is report-only, so the violation has been logged but no further action has been taken. @ :1308
[    1545ms] [INFO] Evaluating a string as JavaScript violates the following Content Security Policy directive because 'unsafe-eval' is not an allowed source of script: "script-src 'unsafe-inline'".
 The policy is report-only, so the violation has been logged but no further action has been taken. @ :1308
[    1545ms] [INFO] Evaluating a string as JavaScript violates the following Content Security Policy directive because 'unsafe-eval' is not an allowed source of script: "script-src 'unsafe-inline'".
 The policy is report-only, so the violation has been logged but no further action has been taken. @ :1308
[    1561ms] [INFO] Evaluating a string as JavaScript violates the following Content Security Policy directive because 'unsafe-eval' is not an allowed source of script: "script-src 'unsafe-inline'".
 The policy is report-only, so the violation has been logged but no further action has been taken. @ :1308
[    1561ms] [INFO] Evaluating a string as JavaScript violates the following Content Security Policy directive because 'unsafe-eval' is not an allowed source of script: "script-src 'unsafe-inline'".
 The policy is report-only, so the violation has been logged but no further action has been taken. @ :1308
[    1562ms] [INFO] Evaluating a string as JavaScript violates the following Content Security Policy directive because 'unsafe-eval' is not an allowed source of script: "script-src 'unsafe-inline'".
 The policy is report-only, so the violation has been logged but no further action has been taken. @ :1308
[    1562ms] [INFO] Evaluating a string as JavaScript violates the following Content Security Policy directive because 'unsafe-eval' is not an allowed source of script: "script-src 'unsafe-inline'".
 The policy is report-only, so the violation has been logged but no further action has been taken. @ :1308
[    1562ms] [INFO] Evaluating a string as JavaScript violates the following Content Security Policy directive because 'unsafe-eval' is not an allowed source of script: "script-src 'unsafe-inline'".
 The policy is report-only, so the violation has been logged but no further action has been taken. @ :1308
[    1563ms] [INFO] Evaluating a string as JavaScript violates the following Content Security Policy directive because 'unsafe-eval' is not an allowed source of script: "script-src 'unsafe-inline'".
 The policy is report-only, so the violation has been logged but no further action has been taken. @ :1308
[    1563ms] [INFO] Evaluating a string as JavaScript violates the following Content Security Policy directive because 'unsafe-eval' is not an allowed source of script: "script-src 'unsafe-inline'".
 The policy is report-only, so the violation has been logged but no further action has been taken. @ :1308
[    1563ms] [INFO] Evaluating a string as JavaScript violates the following Content Security Policy directive because 'unsafe-eval' is not an allowed source of script: "script-src 'unsafe-inline'".
 The policy is report-only, so the violation has been logged but no further action has been taken. @ :1308
[    1564ms] [INFO] Evaluating a string as JavaScript violates the following Content Security Policy directive because 'unsafe-eval' is not an allowed source of script: "script-src 'unsafe-inline'".
 The policy is report-only, so the violation has been logged but no further action has been taken. @ :1308
[    1564ms] [INFO] Evaluating a string as JavaScript violates the following Content Security Policy directive because 'unsafe-eval' is not an allowed source of script: "script-src 'unsafe-inline'".
 The policy is report-only, so the violation has been logged but no further action has been taken. @ :1308
[    1565ms] [INFO] Evaluating a string as JavaScript violates the following Content Security Policy directive because 'unsafe-eval' is not an allowed source of script: "script-src 'unsafe-inline'".
 The policy is report-only, so the violation has been logged but no further action has been taken. @ :1308
[    1565ms] [INFO] Evaluating a string as JavaScript violates the following Content Security Policy directive because 'unsafe-eval' is not an allowed source of script: "script-src 'unsafe-inline'".
 The policy is report-only, so the violation has been logged but no further action has been taken. @ :1308
[    1565ms] [INFO] Evaluating a string as JavaScript violates the following Content Security Policy directive because 'unsafe-eval' is not an allowed source of script: "script-src 'unsafe-inline'".
 The policy is report-only, so the violation has been logged but no further action has been taken. @ :1308
[    1566ms] [INFO] Evaluating a string as JavaScript violates the following Content Security Policy directive because 'unsafe-eval' is not an allowed source of script: "script-src 'unsafe-inline'".
 The policy is report-only, so the violation has been logged but no further action has been taken. @ :1308
[    1566ms] [INFO] Evaluating a string as JavaScript violates the following Content Security Policy directive because 'unsafe-eval' is not an allowed source of script: "script-src 'unsafe-inline'".
 The policy is report-only, so the violation has been logged but no further action has been taken. @ :1308
[    1567ms] [INFO] Evaluating a string as JavaScript violates the following Content Security Policy directive because 'unsafe-eval' is not an allowed source of script: "script-src 'unsafe-inline'".
 The policy is report-only, so the violation has been logged but no further action has been taken. @ :1308
[    1567ms] [INFO] Evaluating a string as JavaScript violates the following Content Security Policy directive because 'unsafe-eval' is not an allowed source of script: "script-src 'unsafe-inline'".
 The policy is report-only, so the violation has been logged but no further action has been taken. @ :0
[    1568ms] [INFO] Evaluating a string as JavaScript violates the following Content Security Policy directive because 'unsafe-eval' is not an allowed source of script: "script-src 'unsafe-inline'".
 The policy is report-only, so the violation has been logged but no further action has been taken. @ :1308
[    1569ms] [INFO] Evaluating a string as JavaScript violates the following Content Security Policy directive because 'unsafe-eval' is not an allowed source of script: "script-src 'unsafe-inline'".
 The policy is report-only, so the violation has been logged but no further action has been taken. @ :0
[    1569ms] [INFO] Evaluating a string as JavaScript violates the following Content Security Policy directive because 'unsafe-eval' is not an allowed source of script: "script-src 'unsafe-inline'".
 The policy is report-only, so the violation has been logged but no further action has been taken. @ :0
[    1570ms] [INFO] Evaluating a string as JavaScript violates the following Content Security Policy directive because 'unsafe-eval' is not an allowed source of script: "script-src 'unsafe-inline'".
 The policy is report-only, so the violation has been logged but no further action has been taken. @ :0
[    1570ms] [INFO] Evaluating a string as JavaScript violates the following Content Security Policy directive because 'unsafe-eval' is not an allowed source of script: "script-src 'unsafe-inline'".
 The policy is report-only, so the violation has been logged but no further action has been taken. @ :0
[    1571ms] [INFO] Evaluating a string as JavaScript violates the following Content Security Policy directive because 'unsafe-eval' is not an allowed source of script: "script-src 'unsafe-inline'".
 The policy is report-only, so the violation has been logged but no further action has been taken. @ :0
[    1571ms] [INFO] Evaluating a string as JavaScript violates the following Content Security Policy directive because 'unsafe-eval' is not an allowed source of script: "script-src 'unsafe-inline'".
 The policy is report-only, so the violation has been logged but no further action has been taken. @ :0
[    1571ms] [INFO] Evaluating a string as JavaScript violates the following Content Security Policy directive because 'unsafe-eval' is not an allowed source of script: "script-src 'unsafe-inline'".
 The policy is report-only, so the violation has been logged but no further action has been taken. @ :0
[    1572ms] [INFO] Evaluating a string as JavaScript violates the following Content Security Policy directive because 'unsafe-eval' is not an allowed source of script: "script-src 'unsafe-inline'".
 The policy is report-only, so the violation has been logged but no further action has been taken. @ :0
[    1586ms] [INFO] Evaluating a string as JavaScript violates the following Content Security Policy directive because 'unsafe-eval' is not an allowed source of script: "script-src 'unsafe-inline'".
 The policy is report-only, so the violation has been logged but no further action has been taken. @ :0
[    1613ms] [INFO] Evaluating a string as JavaScript violates the following Content Security Policy directive because 'unsafe-eval' is not an allowed source of script: "script-src 'unsafe-inline'".
 The policy is report-only, so the violation has been logged but no further action has been taken. @ :0
[    1614ms] [INFO] Evaluating a string as JavaScript violates the following Content Security Policy directive because 'unsafe-eval' is not an allowed source of script: "script-src 'unsafe-inline'".
 The policy is report-only, so the violation has been logged but no further action has been taken. @ :0
[    1615ms] [INFO] Evaluating a string as JavaScript violates the following Content Security Policy directive because 'unsafe-eval' is not an allowed source of script: "script-src 'unsafe-inline'".
 The policy is report-only, so the violation has been logged but no further action has been taken. @ :0
[    1615ms] [INFO] Evaluating a string as JavaScript violates the following Content Security Policy directive because 'unsafe-eval' is not an allowed source of script: "script-src 'unsafe-inline'".
 The policy is report-only, so the violation has been logged but no further action has been taken. @ :0
[    1615ms] [INFO] Evaluating a string as JavaScript violates the following Content Security Policy directive because 'unsafe-eval' is not an allowed source of script: "script-src 'unsafe-inline'".
 The policy is report-only, so the violation has been logged but no further action has been taken. @ :0
[    1616ms] [INFO] Evaluating a string as JavaScript violates the following Content Security Policy directive because 'unsafe-eval' is not an allowed source of script: "script-src 'unsafe-inline'".
 The policy is report-only, so the violation has been logged but no further action has been taken. @ :0
[    1616ms] [INFO] Evaluating a string as JavaScript violates the following Content Security Policy directive because 'unsafe-eval' is not an allowed source of script: "script-src 'unsafe-inline'".
 The policy is report-only, so the violation has been logged but no further action has been taken. @ :0
[    1616ms] [INFO] Evaluating a string as JavaScript violates the following Content Security Policy directive because 'unsafe-eval' is not an allowed source of script: "script-src 'unsafe-inline'".
 The policy is report-only, so the violation has been logged but no further action has been taken. @ :0
[    1616ms] [INFO] Evaluating a string as JavaScript violates the following Content Security Policy directive because 'unsafe-eval' is not an allowed source of script: "script-src 'unsafe-inline'".
 The policy is report-only, so the violation has been logged but no further action has been taken. @ :0
[    1616ms] [INFO] Evaluating a string as JavaScript violates the following Content Security Policy directive because 'unsafe-eval' is not an allowed source of script: "script-src 'unsafe-inline'".
 The policy is report-only, so the violation has been logged but no further action has been taken. @ :0
[    1616ms] [INFO] Evaluating a string as JavaScript violates the following Content Security Policy directive because 'unsafe-eval' is not an allowed source of script: "script-src 'unsafe-inline'".
 The policy is report-only, so the violation has been logged but no further action has been taken. @ :0
[    1616ms] [INFO] Evaluating a string as JavaScript violates the following Content Security Policy directive because 'unsafe-eval' is not an allowed source of script: "script-src 'unsafe-inline'".
 The policy is report-only, so the violation has been logged but no further action has been taken. @ :0
[    1616ms] [INFO] Evaluating a string as JavaScript violates the following Content Security Policy directive because 'unsafe-eval' is not an allowed source of script: "script-src 'unsafe-inline'".
 The policy is report-only, so the violation has been logged but no further action has been taken. @ :0
[    1617ms] [INFO] Evaluating a string as JavaScript violates the following Content Security Policy directive because 'unsafe-eval' is not an allowed source of script: "script-src 'unsafe-inline'".
 The policy is report-only, so the violation has been logged but no further action has been taken. @ :0
[    1617ms] [INFO] Evaluating a string as JavaScript violates the following Content Security Policy directive because 'unsafe-eval' is not an allowed source of script: "script-src 'unsafe-inline'".
 The policy is report-only, so the violation has been logged but no further action has been taken. @ :0
[    1617ms] [INFO] Evaluating a string as JavaScript violates the following Content Security Policy directive because 'unsafe-eval' is not an allowed source of script: "script-src 'unsafe-inline'".
 The policy is report-only, so the violation has been logged but no further action has been taken. @ :0
[    1617ms] [INFO] Evaluating a string as JavaScript violates the following Content Security Policy directive because 'unsafe-eval' is not an allowed source of script: "script-src 'unsafe-inline'".
 The policy is report-only, so the violation has been logged but no further action has been taken. @ :0
[    1618ms] [INFO] Evaluating a string as JavaScript violates the following Content Security Policy directive because 'unsafe-eval' is not an allowed source of script: "script-src 'unsafe-inline'".
 The policy is report-only, so the violation has been logged but no further action has been taken. @ :0
[    1618ms] [INFO] Evaluating a string as JavaScript violates the following Content Security Policy directive because 'unsafe-eval' is not an allowed source of script: "script-src 'unsafe-inline'".
 The policy is report-only, so the violation has been logged but no further action has been taken. @ :0
[    1618ms] [INFO] Evaluating a string as JavaScript violates the following Content Security Policy directive because 'unsafe-eval' is not an allowed source of script: "script-src 'unsafe-inline'".
 The policy is report-only, so the violation has been logged but no further action has been taken. @ :0
[    1618ms] [INFO] Evaluating a string as JavaScript violates the following Content Security Policy directive because 'unsafe-eval' is not an allowed source of script: "script-src 'unsafe-inline'".
 The policy is report-only, so the violation has been logged but no further action has been taken. @ :0
[    1618ms] [INFO] Evaluating a string as JavaScript violates the following Content Security Policy directive because 'unsafe-eval' is not an allowed source of script: "script-src 'unsafe-inline'".
 The policy is report-only, so the violation has been logged but no further action has been taken. @ :0
[    1618ms] [INFO] Evaluating a string as JavaScript violates the following Content Security Policy directive because 'unsafe-eval' is not an allowed source of script: "script-src 'unsafe-inline'".
 The policy is report-only, so the violation has been logged but no further action has been taken. @ :0
[    1619ms] [INFO] Evaluating a string as JavaScript violates the following Content Security Policy directive because 'unsafe-eval' is not an allowed source of script: "script-src 'unsafe-inline'".
 The policy is report-only, so the violation has been logged but no further action has been taken. @ :0
[    1619ms] [INFO] Evaluating a string as JavaScript violates the following Content Security Policy directive because 'unsafe-eval' is not an allowed source of script: "script-src 'unsafe-inline'".
 The policy is report-only, so the violation has been logged but no further action has been taken. @ :0
[    1619ms] [INFO] Evaluating a string as JavaScript violates the following Content Security Policy directive because 'unsafe-eval' is not an allowed source of script: "script-src 'unsafe-inline'".
 The policy is report-only, so the violation has been logged but no further action has been taken. @ :0
[    1619ms] [INFO] Evaluating a string as JavaScript violates the following Content Security Policy directive because 'unsafe-eval' is not an allowed source of script: "script-src 'unsafe-inline'".
 The policy is report-only, so the violation has been logged but no further action has been taken. @ :0
[    1619ms] [INFO] Evaluating a string as JavaScript violates the following Content Security Policy directive because 'unsafe-eval' is not an allowed source of script: "script-src 'unsafe-inline'".
 The policy is report-only, so the violation has been logged but no further action has been taken. @ :0
[    1619ms] [INFO] Evaluating a string as JavaScript violates the following Content Security Policy directive because 'unsafe-eval' is not an allowed source of script: "script-src 'unsafe-inline'".
 The policy is report-only, so the violation has been logged but no further action has been taken. @ :0
[    1619ms] [INFO] Evaluating a string as JavaScript violates the following Content Security Policy directive because 'unsafe-eval' is not an allowed source of script: "script-src 'unsafe-inline'".
 The policy is report-only, so the violation has been logged but no further action has been taken. @ :0
[    1619ms] [INFO] Evaluating a string as JavaScript violates the following Content Security Policy directive because 'unsafe-eval' is not an allowed source of script: "script-src 'unsafe-inline'".
 The policy is report-only, so the violation has been logged but no further action has been taken. @ :0
[    1620ms] [INFO] Evaluating a string as JavaScript violates the following Content Security Policy directive because 'unsafe-eval' is not an allowed source of script: "script-src 'unsafe-inline'".
 The policy is report-only, so the violation has been logged but no further action has been taken. @ :0
[    1620ms] [INFO] Evaluating a string as JavaScript violates the following Content Security Policy directive because 'unsafe-eval' is not an allowed source of script: "script-src 'unsafe-inline'".
 The policy is report-only, so the violation has been logged but no further action has been taken. @ :0
[    1620ms] [INFO] Evaluating a string as JavaScript violates the following Content Security Policy directive because 'unsafe-eval' is not an allowed source of script: "script-src 'unsafe-inline'".
 The policy is report-only, so the violation has been logged but no further action has been taken. @ :0
[    1620ms] [INFO] Evaluating a string as JavaScript violates the following Content Security Policy directive because 'unsafe-eval' is not an allowed source of script: "script-src 'unsafe-inline'".
 The policy is report-only, so the violation has been logged but no further action has been taken. @ :0
[    1620ms] [INFO] Evaluating a string as JavaScript violates the following Content Security Policy directive because 'unsafe-eval' is not an allowed source of script: "script-src 'unsafe-inline'".
 The policy is report-only, so the violation has been logged but no further action has been taken. @ :0
[    1620ms] [INFO] Evaluating a string as JavaScript violates the following Content Security Policy directive because 'unsafe-eval' is not an allowed source of script: "script-src 'unsafe-inline'".
 The policy is report-only, so the violation has been logged but no further action has been taken. @ :0
[    1620ms] [INFO] Evaluating a string as JavaScript violates the following Content Security Policy directive because 'unsafe-eval' is not an allowed source of script: "script-src 'unsafe-inline'".
 The policy is report-only, so the violation has been logged but no further action has been taken. @ :0
[    1620ms] [INFO] Evaluating a string as JavaScript violates the following Content Security Policy directive because 'unsafe-eval' is not an allowed source of script: "script-src 'unsafe-inline'".
 The policy is report-only, so the violation has been logged but no further action has been taken. @ :0
[    1620ms] [INFO] Evaluating a string as JavaScript violates the following Content Security Policy directive because 'unsafe-eval' is not an allowed source of script: "script-src 'unsafe-inline'".
 The policy is report-only, so the violation has been logged but no further action has been taken. @ :0
[    1621ms] [INFO] Evaluating a string as JavaScript violates the following Content Security Policy directive because 'unsafe-eval' is not an allowed source of script: "script-src 'unsafe-inline'".
 The policy is report-only, so the violation has been logged but no further action has been taken. @ :0
[    1621ms] [INFO] Evaluating a string as JavaScript violates the following Content Security Policy directive because 'unsafe-eval' is not an allowed source of script: "script-src 'unsafe-inline'".
 The policy is report-only, so the violation has been logged but no further action has been taken. @ :0
[    1621ms] [INFO] Evaluating a string as JavaScript violates the following Content Security Policy directive because 'unsafe-eval' is not an allowed source of script: "script-src 'unsafe-inline'".
 The policy is report-only, so the violation has been logged but no further action has been taken. @ :0
[    1621ms] [INFO] Evaluating a string as JavaScript violates the following Content Security Policy directive because 'unsafe-eval' is not an allowed source of script: "script-src 'unsafe-inline'".
 The policy is report-only, so the violation has been logged but no further action has been taken. @ :0
[    1621ms] [INFO] Evaluating a string as JavaScript violates the following Content Security Policy directive because 'unsafe-eval' is not an allowed source of script: "script-src 'unsafe-inline'".
 The policy is report-only, so the violation has been logged but no further action has been taken. @ :0
[    1621ms] [INFO] Evaluating a string as JavaScript violates the following Content Security Policy directive because 'unsafe-eval' is not an allowed source of script: "script-src 'unsafe-inline'".
 The policy is report-only, so the violation has been logged but no further action has been taken. @ :0
[    1621ms] [INFO] Evaluating a string as JavaScript violates the following Content Security Policy directive because 'unsafe-eval' is not an allowed source of script: "script-src 'unsafe-inline'".
 The policy is report-only, so the violation has been logged but no further action has been taken. @ :0
[    1622ms] [INFO] Evaluating a string as JavaScript violates the following Content Security Policy directive because 'unsafe-eval' is not an allowed source of script: "script-src 'unsafe-inline'".
 The policy is report-only, so the violation has been logged but no further action has been taken. @ :0
[    1622ms] [INFO] Evaluating a string as JavaScript violates the following Content Security Policy directive because 'unsafe-eval' is not an allowed source of script: "script-src 'unsafe-inline'".
 The policy is report-only, so the violation has been logged but no further action has been taken. @ :0
[    1622ms] [INFO] Evaluating a string as JavaScript violates the following Content Security Policy directive because 'unsafe-eval' is not an allowed source of script: "script-src 'unsafe-inline'".
 The policy is report-only, so the violation has been logged but no further action has been taken. @ :0
[    1622ms] [INFO] Evaluating a string as JavaScript violates the following Content Security Policy directive because 'unsafe-eval' is not an allowed source of script: "script-src 'unsafe-inline'".
 The policy is report-only, so the violation has been logged but no further action has been taken. @ :0
[    1622ms] [INFO] Evaluating a string as JavaScript violates the following Content Security Policy directive because 'unsafe-eval' is not an allowed source of script: "script-src 'unsafe-inline'".
 The policy is report-only, so the violation has been logged but no further action has been taken. @ :0
[    1623ms] [INFO] Evaluating a string as JavaScript violates the following Content Security Policy directive because 'unsafe-eval' is not an allowed source of script: "script-src 'unsafe-inline'".
 The policy is report-only, so the violation has been logged but no further action has been taken. @ :0
[    1623ms] [INFO] Evaluating a string as JavaScript violates the following Content Security Policy directive because 'unsafe-eval' is not an allowed source of script: "script-src 'unsafe-inline'".
 The policy is report-only, so the violation has been logged but no further action has been taken. @ :0
[    1623ms] [INFO] Evaluating a string as JavaScript violates the following Content Security Policy directive because 'unsafe-eval' is not an allowed source of script: "script-src 'unsafe-inline'".
 The policy is report-only, so the violation has been logged but no further action has been taken. @ :0
[    1623ms] [INFO] Evaluating a string as JavaScript violates the following Content Security Policy directive because 'unsafe-eval' is not an allowed source of script: "script-src 'unsafe-inline'".
 The policy is report-only, so the violation has been logged but no further action has been taken. @ :0
[    1623ms] [INFO] Evaluating a string as JavaScript violates the following Content Security Policy directive because 'unsafe-eval' is not an allowed source of script: "script-src 'unsafe-inline'".
 The policy is report-only, so the violation has been logged but no further action has been taken. @ :0
[    1623ms] [INFO] Evaluating a string as JavaScript violates the following Content Security Policy directive because 'unsafe-eval' is not an allowed source of script: "script-src 'unsafe-inline'".
 The policy is report-only, so the violation has been logged but no further action has been taken. @ :0
[    1623ms] [INFO] Evaluating a string as JavaScript violates the following Content Security Policy directive because 'unsafe-eval' is not an allowed source of script: "script-src 'unsafe-inline'".
 The policy is report-only, so the violation has been logged but no further action has been taken. @ :0
[    1639ms] [INFO] Evaluating a string as JavaScript violates the following Content Security Policy directive because 'unsafe-eval' is not an allowed source of script: "script-src 'unsafe-inline'".
 The policy is report-only, so the violation has been logged but no further action has been taken. @ :0
[    1640ms] [INFO] Evaluating a string as JavaScript violates the following Content Security Policy directive because 'unsafe-eval' is not an allowed source of script: "script-src 'unsafe-inline'".
 The policy is report-only, so the violation has been logged but no further action has been taken. @ :0
[    1640ms] [INFO] Evaluating a string as JavaScript violates the following Content Security Policy directive because 'unsafe-eval' is not an allowed source of script: "script-src 'unsafe-inline'".
 The policy is report-only, so the violation has been logged but no further action has been taken. @ :0
[    1641ms] [INFO] Evaluating a string as JavaScript violates the following Content Security Policy directive because 'unsafe-eval' is not an allowed source of script: "script-src 'unsafe-inline'".
 The policy is report-only, so the violation has been logged but no further action has been taken. @ :0
[    1641ms] [INFO] Evaluating a string as JavaScript violates the following Content Security Policy directive because 'unsafe-eval' is not an allowed source of script: "script-src 'unsafe-inline'".
 The policy is report-only, so the violation has been logged but no further action has been taken. @ :0
[    1660ms] [INFO] Evaluating a string as JavaScript violates the following Content Security Policy directive because 'unsafe-eval' is not an allowed source of script: "script-src 'unsafe-inline'".
 The policy is report-only, so the violation has been logged but no further action has been taken. @ :0
[    1660ms] [INFO] Evaluating a string as JavaScript violates the following Content Security Policy directive because 'unsafe-eval' is not an allowed source of script: "script-src 'unsafe-inline'".
 The policy is report-only, so the violation has been logged but no further action has been taken. @ :0
[    1662ms] [INFO] Evaluating a string as JavaScript violates the following Content Security Policy directive because 'unsafe-eval' is not an allowed source of script: "script-src 'unsafe-inline'".
 The policy is report-only, so the violation has been logged but no further action has been taken. @ :0
[    1663ms] [INFO] Evaluating a string as JavaScript violates the following Content Security Policy directive because 'unsafe-eval' is not an allowed source of script: "script-src 'unsafe-inline'".
 The policy is report-only, so the violation has been logged but no further action has been taken. @ :0
[    1663ms] [INFO] Evaluating a string as JavaScript violates the following Content Security Policy directive because 'unsafe-eval' is not an allowed source of script: "script-src 'unsafe-inline'".
 The policy is report-only, so the violation has been logged but no further action has been taken. @ :0
[    1664ms] [INFO] Evaluating a string as JavaScript violates the following Content Security Policy directive because 'unsafe-eval' is not an allowed source of script: "script-src 'unsafe-inline'".
 The policy is report-only, so the violation has been logged but no further action has been taken. @ :0
[    1664ms] [INFO] Evaluating a string as JavaScript violates the following Content Security Policy directive because 'unsafe-eval' is not an allowed source of script: "script-src 'unsafe-inline'".
 The policy is report-only, so the violation has been logged but no further action has been taken. @ :0
[    1664ms] [INFO] Evaluating a string as JavaScript violates the following Content Security Policy directive because 'unsafe-eval' is not an allowed source of script: "script-src 'unsafe-inline'".
 The policy is report-only, so the violation has been logged but no further action has been taken. @ :0
[    1665ms] [INFO] Evaluating a string as JavaScript violates the following Content Security Policy directive because 'unsafe-eval' is not an allowed source of script: "script-src 'unsafe-inline'".
 The policy is report-only, so the violation has been logged but no further action has been taken. @ :0
[    1665ms] [INFO] Evaluating a string as JavaScript violates the following Content Security Policy directive because 'unsafe-eval' is not an allowed source of script: "script-src 'unsafe-inline'".
 The policy is report-only, so the violation has been logged but no further action has been taken. @ :0
[    1665ms] [INFO] Evaluating a string as JavaScript violates the following Content Security Policy directive because 'unsafe-eval' is not an allowed source of script: "script-src 'unsafe-inline'".
 The policy is report-only, so the violation has been logged but no further action has been taken. @ :0
[    1665ms] [INFO] Evaluating a string as JavaScript violates the following Content Security Policy directive because 'unsafe-eval' is not an allowed source of script: "script-src 'unsafe-inline'".
 The policy is report-only, so the violation has been logged but no further action has been taken. @ :0
[    1666ms] [INFO] Evaluating a string as JavaScript violates the following Content Security Policy directive because 'unsafe-eval' is not an allowed source of script: "script-src 'unsafe-inline'".
 The policy is report-only, so the violation has been logged but no further action has been taken. @ :0
[    1666ms] [INFO] Evaluating a string as JavaScript violates the following Content Security Policy directive because 'unsafe-eval' is not an allowed source of script: "script-src 'unsafe-inline'".
 The policy is report-only, so the violation has been logged but no further action has been taken. @ :0
[    1666ms] [INFO] Evaluating a string as JavaScript violates the following Content Security Policy directive because 'unsafe-eval' is not an allowed source of script: "script-src 'unsafe-inline'".
 The policy is report-only, so the violation has been logged but no further action has been taken. @ :0
[    1666ms] [INFO] Evaluating a string as JavaScript violates the following Content Security Policy directive because 'unsafe-eval' is not an allowed source of script: "script-src 'unsafe-inline'".
 The policy is report-only, so the violation has been logged but no further action has been taken. @ :0
[    1666ms] [INFO] Evaluating a string as JavaScript violates the following Content Security Policy directive because 'unsafe-eval' is not an allowed source of script: "script-src 'unsafe-inline'".
 The policy is report-only, so the violation has been logged but no further action has been taken. @ :0
[    1666ms] [INFO] Evaluating a string as JavaScript violates the following Content Security Policy directive because 'unsafe-eval' is not an allowed source of script: "script-src 'unsafe-inline'".
 The policy is report-only, so the violation has been logged but no further action has been taken. @ :0
[    1667ms] [INFO] Evaluating a string as JavaScript violates the following Content Security Policy directive because 'unsafe-eval' is not an allowed source of script: "script-src 'unsafe-inline'".
 The policy is report-only, so the violation has been logged but no further action has been taken. @ :0
[    1667ms] [INFO] Evaluating a string as JavaScript violates the following Content Security Policy directive because 'unsafe-eval' is not an allowed source of script: "script-src 'unsafe-inline'".
 The policy is report-only, so the violation has been logged but no further action has been taken. @ :0
[    1667ms] [INFO] Evaluating a string as JavaScript violates the following Content Security Policy directive because 'unsafe-eval' is not an allowed source of script: "script-src 'unsafe-inline'".
 The policy is report-only, so the violation has been logged but no further action has been taken. @ :0
[    1667ms] [INFO] Evaluating a string as JavaScript violates the following Content Security Policy directive because 'unsafe-eval' is not an allowed source of script: "script-src 'unsafe-inline'".
 The policy is report-only, so the violation has been logged but no further action has been taken. @ :0
[    1668ms] [INFO] Evaluating a string as JavaScript violates the following Content Security Policy directive because 'unsafe-eval' is not an allowed source of script: "script-src 'unsafe-inline'".
 The policy is report-only, so the violation has been logged but no further action has been taken. @ :0
[    1668ms] [INFO] Evaluating a string as JavaScript violates the following Content Security Policy directive because 'unsafe-eval' is not an allowed source of script: "script-src 'unsafe-inline'".
 The policy is report-only, so the violation has been logged but no further action has been taken. @ :0
[    1686ms] [INFO] Evaluating a string as JavaScript violates the following Content Security Policy directive because 'unsafe-eval' is not an allowed source of script: "script-src 'unsafe-inline'".
 The policy is report-only, so the violation has been logged but no further action has been taken. @ :0
[    1686ms] [INFO] Evaluating a string as JavaScript violates the following Content Security Policy directive because 'unsafe-eval' is not an allowed source of script: "script-src 'unsafe-inline'".
 The policy is report-only, so the violation has been logged but no further action has been taken. @ :0
[    1687ms] [INFO] Evaluating a string as JavaScript violates the following Content Security Policy directive because 'unsafe-eval' is not an allowed source of script: "script-src 'unsafe-inline'".
 The policy is report-only, so the violation has been logged but no further action has been taken. @ :0
[    1687ms] [INFO] Evaluating a string as JavaScript violates the following Content Security Policy directive because 'unsafe-eval' is not an allowed source of script: "script-src 'unsafe-inline'".
 The policy is report-only, so the violation has been logged but no further action has been taken. @ :0
[    1687ms] [INFO] Evaluating a string as JavaScript violates the following Content Security Policy directive because 'unsafe-eval' is not an allowed source of script: "script-src 'unsafe-inline'".
 The policy is report-only, so the violation has been logged but no further action has been taken. @ :0
[    1687ms] [INFO] Evaluating a string as JavaScript violates the following Content Security Policy directive because 'unsafe-eval' is not an allowed source of script: "script-src 'unsafe-inline'".
 The policy is report-only, so the violation has been logged but no further action has been taken. @ :0
[    1688ms] [INFO] Evaluating a string as JavaScript violates the following Content Security Policy directive because 'unsafe-eval' is not an allowed source of script: "script-src 'unsafe-inline'".
 The policy is report-only, so the violation has been logged but no further action has been taken. @ :0
[    1688ms] [INFO] Evaluating a string as JavaScript violates the following Content Security Policy directive because 'unsafe-eval' is not an allowed source of script: "script-src 'unsafe-inline'".
 The policy is report-only, so the violation has been logged but no further action has been taken. @ :0
[    1688ms] [INFO] Evaluating a string as JavaScript violates the following Content Security Policy directive because 'unsafe-eval' is not an allowed source of script: "script-src 'unsafe-inline'".
 The policy is report-only, so the violation has been logged but no further action has been taken. @ :0
[    1688ms] [INFO] Evaluating a string as JavaScript violates the following Content Security Policy directive because 'unsafe-eval' is not an allowed source of script: "script-src 'unsafe-inline'".
 The policy is report-only, so the violation has been logged but no further action has been taken. @ :0
[    1688ms] [INFO] Evaluating a string as JavaScript violates the following Content Security Policy directive because 'unsafe-eval' is not an allowed source of script: "script-src 'unsafe-inline'".
 The policy is report-only, so the violation has been logged but no further action has been taken. @ :0
[    1688ms] [INFO] Evaluating a string as JavaScript violates the following Content Security Policy directive because 'unsafe-eval' is not an allowed source of script: "script-src 'unsafe-inline'".
 The policy is report-only, so the violation has been logged but no further action has been taken. @ :0
[    1688ms] [INFO] Evaluating a string as JavaScript violates the following Content Security Policy directive because 'unsafe-eval' is not an allowed source of script: "script-src 'unsafe-inline'".
 The policy is report-only, so the violation has been logged but no further action has been taken. @ :0
[    1689ms] [INFO] Evaluating a string as JavaScript violates the following Content Security Policy directive because 'unsafe-eval' is not an allowed source of script: "script-src 'unsafe-inline'".
 The policy is report-only, so the violation has been logged but no further action has been taken. @ :0
[    1689ms] [INFO] Evaluating a string as JavaScript violates the following Content Security Policy directive because 'unsafe-eval' is not an allowed source of script: "script-src 'unsafe-inline'".
 The policy is report-only, so the violation has been logged but no further action has been taken. @ :0
[    1689ms] [INFO] Evaluating a string as JavaScript violates the following Content Security Policy directive because 'unsafe-eval' is not an allowed source of script: "script-src 'unsafe-inline'".
 The policy is report-only, so the violation has been logged but no further action has been taken. @ :0
[    1690ms] [INFO] Evaluating a string as JavaScript violates the following Content Security Policy directive because 'unsafe-eval' is not an allowed source of script: "script-src 'unsafe-inline'".
 The policy is report-only, so the violation has been logged but no further action has been taken. @ :0
[    1691ms] [INFO] Evaluating a string as JavaScript violates the following Content Security Policy directive because 'unsafe-eval' is not an allowed source of script: "script-src 'unsafe-inline'".
 The policy is report-only, so the violation has been logged but no further action has been taken. @ :0
[    1692ms] [INFO] Evaluating a string as JavaScript violates the following Content Security Policy directive because 'unsafe-eval' is not an allowed source of script: "script-src 'unsafe-inline'".
 The policy is report-only, so the violation has been logged but no further action has been taken. @ :0
[    1692ms] [INFO] Evaluating a string as JavaScript violates the following Content Security Policy directive because 'unsafe-eval' is not an allowed source of script: "script-src 'unsafe-inline'".
 The policy is report-only, so the violation has been logged but no further action has been taken. @ :0
[    1693ms] [INFO] Evaluating a string as JavaScript violates the following Content Security Policy directive because 'unsafe-eval' is not an allowed source of script: "script-src 'unsafe-inline'".
 The policy is report-only, so the violation has been logged but no further action has been taken. @ :0
[    1693ms] [INFO] Evaluating a string as JavaScript violates the following Content Security Policy directive because 'unsafe-eval' is not an allowed source of script: "script-src 'unsafe-inline'".
 The policy is report-only, so the violation has been logged but no further action has been taken. @ :0
[    1693ms] [INFO] Evaluating a string as JavaScript violates the following Content Security Policy directive because 'unsafe-eval' is not an allowed source of script: "script-src 'unsafe-inline'".
 The policy is report-only, so the violation has been logged but no further action has been taken. @ :0
[    1693ms] [INFO] Evaluating a string as JavaScript violates the following Content Security Policy directive because 'unsafe-eval' is not an allowed source of script: "script-src 'unsafe-inline'".
 The policy is report-only, so the violation has been logged but no further action has been taken. @ :0
[    1694ms] [INFO] Evaluating a string as JavaScript violates the following Content Security Policy directive because 'unsafe-eval' is not an allowed source of script: "script-src 'unsafe-inline'".
 The policy is report-only, so the violation has been logged but no further action has been taken. @ :0
[    1694ms] [INFO] Evaluating a string as JavaScript violates the following Content Security Policy directive because 'unsafe-eval' is not an allowed source of script: "script-src 'unsafe-inline'".
 The policy is report-only, so the violation has been logged but no further action has been taken. @ :0
[    1694ms] [INFO] Evaluating a string as JavaScript violates the following Content Security Policy directive because 'unsafe-eval' is not an allowed source of script: "script-src 'unsafe-inline'".
 The policy is report-only, so the violation has been logged but no further action has been taken. @ :0
[    1694ms] [INFO] Evaluating a string as JavaScript violates the following Content Security Policy directive because 'unsafe-eval' is not an allowed source of script: "script-src 'unsafe-inline'".
 The policy is report-only, so the violation has been logged but no further action has been taken. @ :0
[    1695ms] [INFO] Evaluating a string as JavaScript violates the following Content Security Policy directive because 'unsafe-eval' is not an allowed source of script: "script-src 'unsafe-inline'".
 The policy is report-only, so the violation has been logged but no further action has been taken. @ :0
[    1695ms] [INFO] Evaluating a string as JavaScript violates the following Content Security Policy directive because 'unsafe-eval' is not an allowed source of script: "script-src 'unsafe-inline'".
 The policy is report-only, so the violation has been logged but no further action has been taken. @ :0
[    1711ms] [INFO] Evaluating a string as JavaScript violates the following Content Security Policy directive because 'unsafe-eval' is not an allowed source of script: "script-src 'unsafe-inline'".
 The policy is report-only, so the violation has been logged but no further action has been taken. @ :0
[    1711ms] [INFO] Evaluating a string as JavaScript violates the following Content Security Policy directive because 'unsafe-eval' is not an allowed source of script: "script-src 'unsafe-inline'".
 The policy is report-only, so the violation has been logged but no further action has been taken. @ :0
[    1712ms] [INFO] Evaluating a string as JavaScript violates the following Content Security Policy directive because 'unsafe-eval' is not an allowed source of script: "script-src 'unsafe-inline'".
 The policy is report-only, so the violation has been logged but no further action has been taken. @ :0
[    1712ms] [INFO] Evaluating a string as JavaScript violates the following Content Security Policy directive because 'unsafe-eval' is not an allowed source of script: "script-src 'unsafe-inline'".
 The policy is report-only, so the violation has been logged but no further action has been taken. @ :0
[    1712ms] [INFO] Evaluating a string as JavaScript violates the following Content Security Policy directive because 'unsafe-eval' is not an allowed source of script: "script-src 'unsafe-inline'".
 The policy is report-only, so the violation has been logged but no further action has been taken. @ :0
[    1712ms] [INFO] Evaluating a string as JavaScript violates the following Content Security Policy directive because 'unsafe-eval' is not an allowed source of script: "script-src 'unsafe-inline'".
 The policy is report-only, so the violation has been logged but no further action has been taken. @ :0
[    1713ms] [INFO] Evaluating a string as JavaScript violates the following Content Security Policy directive because 'unsafe-eval' is not an allowed source of script: "script-src 'unsafe-inline'".
 The policy is report-only, so the violation has been logged but no further action has been taken. @ :0
[    1713ms] [INFO] Evaluating a string as JavaScript violates the following Content Security Policy directive because 'unsafe-eval' is not an allowed source of script: "script-src 'unsafe-inline'".
 The policy is report-only, so the violation has been logged but no further action has been taken. @ :0
[    1713ms] [INFO] Evaluating a string as JavaScript violates the following Content Security Policy directive because 'unsafe-eval' is not an allowed source of script: "script-src 'unsafe-inline'".
 The policy is report-only, so the violation has been logged but no further action has been taken. @ :0
[    1713ms] [INFO] Evaluating a string as JavaScript violates the following Content Security Policy directive because 'unsafe-eval' is not an allowed source of script: "script-src 'unsafe-inline'".
 The policy is report-only, so the violation has been logged but no further action has been taken. @ :0
[    1713ms] [INFO] Evaluating a string as JavaScript violates the following Content Security Policy directive because 'unsafe-eval' is not an allowed source of script: "script-src 'unsafe-inline'".
 The policy is report-only, so the violation has been logged but no further action has been taken. @ :0
[    1713ms] [INFO] Evaluating a string as JavaScript violates the following Content Security Policy directive because 'unsafe-eval' is not an allowed source of script: "script-src 'unsafe-inline'".
 The policy is report-only, so the violation has been logged but no further action has been taken. @ :0
[    1714ms] [INFO] Evaluating a string as JavaScript violates the following Content Security Policy directive because 'unsafe-eval' is not an allowed source of script: "script-src 'unsafe-inline'".
 The policy is report-only, so the violation has been logged but no further action has been taken. @ :0
[    1714ms] [INFO] Evaluating a string as JavaScript violates the following Content Security Policy directive because 'unsafe-eval' is not an allowed source of script: "script-src 'unsafe-inline'".
 The policy is report-only, so the violation has been logged but no further action has been taken. @ :0
[    1714ms] [INFO] Evaluating a string as JavaScript violates the following Content Security Policy directive because 'unsafe-eval' is not an allowed source of script: "script-src 'unsafe-inline'".
 The policy is report-only, so the violation has been logged but no further action has been taken. @ :0
[    1715ms] [INFO] Evaluating a string as JavaScript violates the following Content Security Policy directive because 'unsafe-eval' is not an allowed source of script: "script-src 'unsafe-inline'".
 The policy is report-only, so the violation has been logged but no further action has been taken. @ :0
[    1715ms] [INFO] Evaluating a string as JavaScript violates the following Content Security Policy directive because 'unsafe-eval' is not an allowed source of script: "script-src 'unsafe-inline'".
 The policy is report-only, so the violation has been logged but no further action has been taken. @ :0
[    1715ms] [INFO] Evaluating a string as JavaScript violates the following Content Security Policy directive because 'unsafe-eval' is not an allowed source of script: "script-src 'unsafe-inline'".
 The policy is report-only, so the violation has been logged but no further action has been taken. @ :0
[    1716ms] [INFO] Evaluating a string as JavaScript violates the following Content Security Policy directive because 'unsafe-eval' is not an allowed source of script: "script-src 'unsafe-inline'".
 The policy is report-only, so the violation has been logged but no further action has been taken. @ :0
[    1716ms] [INFO] Evaluating a string as JavaScript violates the following Content Security Policy directive because 'unsafe-eval' is not an allowed source of script: "script-src 'unsafe-inline'".
 The policy is report-only, so the violation has been logged but no further action has been taken. @ :0
[    1717ms] [INFO] Evaluating a string as JavaScript violates the following Content Security Policy directive because 'unsafe-eval' is not an allowed source of script: "script-src 'unsafe-inline'".
 The policy is report-only, so the violation has been logged but no further action has been taken. @ :0
[    1717ms] [INFO] Evaluating a string as JavaScript violates the following Content Security Policy directive because 'unsafe-eval' is not an allowed source of script: "script-src 'unsafe-inline'".
 The policy is report-only, so the violation has been logged but no further action has been taken. @ :0
[    1717ms] [INFO] Evaluating a string as JavaScript violates the following Content Security Policy directive because 'unsafe-eval' is not an allowed source of script: "script-src 'unsafe-inline'".
 The policy is report-only, so the violation has been logged but no further action has been taken. @ :0
[    1718ms] [INFO] Evaluating a string as JavaScript violates the following Content Security Policy directive because 'unsafe-eval' is not an allowed source of script: "script-src 'unsafe-inline'".
 The policy is report-only, so the violation has been logged but no further action has been taken. @ :0
[    1718ms] [INFO] Evaluating a string as JavaScript violates the following Content Security Policy directive because 'unsafe-eval' is not an allowed source of script: "script-src 'unsafe-inline'".
 The policy is report-only, so the violation has been logged but no further action has been taken. @ :0
[    1719ms] [INFO] Evaluating a string as JavaScript violates the following Content Security Policy directive because 'unsafe-eval' is not an allowed source of script: "script-src 'unsafe-inline'".
 The policy is report-only, so the violation has been logged but no further action has been taken. @ :0
[    1719ms] [INFO] Evaluating a string as JavaScript violates the following Content Security Policy directive because 'unsafe-eval' is not an allowed source of script: "script-src 'unsafe-inline'".
 The policy is report-only, so the violation has been logged but no further action has been taken. @ :0
[    1719ms] [INFO] Evaluating a string as JavaScript violates the following Content Security Policy directive because 'unsafe-eval' is not an allowed source of script: "script-src 'unsafe-inline'".
 The policy is report-only, so the violation has been logged but no further action has been taken. @ :0
[    1719ms] [INFO] Evaluating a string as JavaScript violates the following Content Security Policy directive because 'unsafe-eval' is not an allowed source of script: "script-src 'unsafe-inline'".
 The policy is report-only, so the violation has been logged but no further action has been taken. @ :0
[    1719ms] [INFO] Evaluating a string as JavaScript violates the following Content Security Policy directive because 'unsafe-eval' is not an allowed source of script: "script-src 'unsafe-inline'".
 The policy is report-only, so the violation has been logged but no further action has been taken. @ :0
[    1720ms] [INFO] Evaluating a string as JavaScript violates the following Content Security Policy directive because 'unsafe-eval' is not an allowed source of script: "script-src 'unsafe-inline'".
 The policy is report-only, so the violation has been logged but no further action has been taken. @ :0
[    1720ms] [INFO] Evaluating a string as JavaScript violates the following Content Security Policy directive because 'unsafe-eval' is not an allowed source of script: "script-src 'unsafe-inline'".
 The policy is report-only, so the violation has been logged but no further action has been taken. @ :0
[    1720ms] [INFO] Evaluating a string as JavaScript violates the following Content Security Policy directive because 'unsafe-eval' is not an allowed source of script: "script-src 'unsafe-inline'".
 The policy is report-only, so the violation has been logged but no further action has been taken. @ :0
[    1720ms] [INFO] Evaluating a string as JavaScript violates the following Content Security Policy directive because 'unsafe-eval' is not an allowed source of script: "script-src 'unsafe-inline'".
 The policy is report-only, so the violation has been logged but no further action has been taken. @ :0
[    1720ms] [INFO] Evaluating a string as JavaScript violates the following Content Security Policy directive because 'unsafe-eval' is not an allowed source of script: "script-src 'unsafe-inline'".
 The policy is report-only, so the violation has been logged but no further action has been taken. @ :0
[    1721ms] [INFO] Evaluating a string as JavaScript violates the following Content Security Policy directive because 'unsafe-eval' is not an allowed source of script: "script-src 'unsafe-inline'".
 The policy is report-only, so the violation has been logged but no further action has been taken. @ :0
[    1721ms] [INFO] Evaluating a string as JavaScript violates the following Content Security Policy directive because 'unsafe-eval' is not an allowed source of script: "script-src 'unsafe-inline'".
 The policy is report-only, so the violation has been logged but no further action has been taken. @ :0
[    1721ms] [INFO] Evaluating a string as JavaScript violates the following Content Security Policy directive because 'unsafe-eval' is not an allowed source of script: "script-src 'unsafe-inline'".
 The policy is report-only, so the violation has been logged but no further action has been taken. @ :0
[    1721ms] [INFO] Evaluating a string as JavaScript violates the following Content Security Policy directive because 'unsafe-eval' is not an allowed source of script: "script-src 'unsafe-inline'".
 The policy is report-only, so the violation has been logged but no further action has been taken. @ :0
[    1736ms] [INFO] Evaluating a string as JavaScript violates the following Content Security Policy directive because 'unsafe-eval' is not an allowed source of script: "script-src 'unsafe-inline'".
 The policy is report-only, so the violation has been logged but no further action has been taken. @ :0
[    1737ms] [INFO] Evaluating a string as JavaScript violates the following Content Security Policy directive because 'unsafe-eval' is not an allowed source of script: "script-src 'unsafe-inline'".
 The policy is report-only, so the violation has been logged but no further action has been taken. @ :0
[    1737ms] [INFO] Evaluating a string as JavaScript violates the following Content Security Policy directive because 'unsafe-eval' is not an allowed source of script: "script-src 'unsafe-inline'".
 The policy is report-only, so the violation has been logged but no further action has been taken. @ :0
[    1737ms] [INFO] Evaluating a string as JavaScript violates the following Content Security Policy directive because 'unsafe-eval' is not an allowed source of script: "script-src 'unsafe-inline'".
 The policy is report-only, so the violation has been logged but no further action has been taken. @ :0
[    1737ms] [INFO] Evaluating a string as JavaScript violates the following Content Security Policy directive because 'unsafe-eval' is not an allowed source of script: "script-src 'unsafe-inline'".
 The policy is report-only, so the violation has been logged but no further action has been taken. @ :0
[    1738ms] [INFO] Evaluating a string as JavaScript violates the following Content Security Policy directive because 'unsafe-eval' is not an allowed source of script: "script-src 'unsafe-inline'".
 The policy is report-only, so the violation has been logged but no further action has been taken. @ :0
[    1738ms] [INFO] Evaluating a string as JavaScript violates the following Content Security Policy directive because 'unsafe-eval' is not an allowed source of script: "script-src 'unsafe-inline'".
 The policy is report-only, so the violation has been logged but no further action has been taken. @ :0
[    1738ms] [INFO] Evaluating a string as JavaScript violates the following Content Security Policy directive because 'unsafe-eval' is not an allowed source of script: "script-src 'unsafe-inline'".
 The policy is report-only, so the violation has been logged but no further action has been taken. @ :0
[    1738ms] [INFO] Evaluating a string as JavaScript violates the following Content Security Policy directive because 'unsafe-eval' is not an allowed source of script: "script-src 'unsafe-inline'".
 The policy is report-only, so the violation has been logged but no further action has been taken. @ :0
[    1738ms] [INFO] Evaluating a string as JavaScript violates the following Content Security Policy directive because 'unsafe-eval' is not an allowed source of script: "script-src 'unsafe-inline'".
 The policy is report-only, so the violation has been logged but no further action has been taken. @ :0
[    1763ms] [INFO] Evaluating a string as JavaScript violates the following Content Security Policy directive because 'unsafe-eval' is not an allowed source of script: "script-src 'unsafe-inline'".
 The policy is report-only, so the violation has been logged but no further action has been taken. @ :0
[    1763ms] [INFO] Evaluating a string as JavaScript violates the following Content Security Policy directive because 'unsafe-eval' is not an allowed source of script: "script-src 'unsafe-inline'".
 The policy is report-only, so the violation has been logged but no further action has been taken. @ :0
[    1763ms] [INFO] Evaluating a string as JavaScript violates the following Content Security Policy directive because 'unsafe-eval' is not an allowed source of script: "script-src 'unsafe-inline'".
 The policy is report-only, so the violation has been logged but no further action has been taken. @ :0
[    1763ms] [INFO] Evaluating a string as JavaScript violates the following Content Security Policy directive because 'unsafe-eval' is not an allowed source of script: "script-src 'unsafe-inline'".
 The policy is report-only, so the violation has been logged but no further action has been taken. @ :0
[    1764ms] [INFO] Evaluating a string as JavaScript violates the following Content Security Policy directive because 'unsafe-eval' is not an allowed source of script: "script-src 'unsafe-inline'".
 The policy is report-only, so the violation has been logged but no further action has been taken. @ :0
[    1765ms] [INFO] Evaluating a string as JavaScript violates the following Content Security Policy directive because 'unsafe-eval' is not an allowed source of script: "script-src 'unsafe-inline'".
 The policy is report-only, so the violation has been logged but no further action has been taken. @ :0
[    1765ms] [INFO] Evaluating a string as JavaScript violates the following Content Security Policy directive because 'unsafe-eval' is not an allowed source of script: "script-src 'unsafe-inline'".
 The policy is report-only, so the violation has been logged but no further action has been taken. @ :0
[    1766ms] [INFO] Evaluating a string as JavaScript violates the following Content Security Policy directive because 'unsafe-eval' is not an allowed source of script: "script-src 'unsafe-inline'".
 The policy is report-only, so the violation has been logged but no further action has been taken. @ :0
[    1766ms] [INFO] Evaluating a string as JavaScript violates the following Content Security Policy directive because 'unsafe-eval' is not an allowed source of script: "script-src 'unsafe-inline'".
 The policy is report-only, so the violation has been logged but no further action has been taken. @ :0
[    1767ms] [INFO] Evaluating a string as JavaScript violates the following Content Security Policy directive because 'unsafe-eval' is not an allowed source of script: "script-src 'unsafe-inline'".
 The policy is report-only, so the violation has been logged but no further action has been taken. @ :0
[    1767ms] [INFO] Evaluating a string as JavaScript violates the following Content Security Policy directive because 'unsafe-eval' is not an allowed source of script: "script-src 'unsafe-inline'".
 The policy is report-only, so the violation has been logged but no further action has been taken. @ :0
[    1767ms] [INFO] Evaluating a string as JavaScript violates the following Content Security Policy directive because 'unsafe-eval' is not an allowed source of script: "script-src 'unsafe-inline'".
 The policy is report-only, so the violation has been logged but no further action has been taken. @ :0
[    1768ms] [INFO] Evaluating a string as JavaScript violates the following Content Security Policy directive because 'unsafe-eval' is not an allowed source of script: "script-src 'unsafe-inline'".
 The policy is report-only, so the violation has been logged but no further action has been taken. @ :0
[    1768ms] [INFO] Evaluating a string as JavaScript violates the following Content Security Policy directive because 'unsafe-eval' is not an allowed source of script: "script-src 'unsafe-inline'".
 The policy is report-only, so the violation has been logged but no further action has been taken. @ :0
[    1768ms] [INFO] Evaluating a string as JavaScript violates the following Content Security Policy directive because 'unsafe-eval' is not an allowed source of script: "script-src 'unsafe-inline'".
 The policy is report-only, so the violation has been logged but no further action has been taken. @ :0
[    1768ms] [INFO] Evaluating a string as JavaScript violates the following Content Security Policy directive because 'unsafe-eval' is not an allowed source of script: "script-src 'unsafe-inline'".
 The policy is report-only, so the violation has been logged but no further action has been taken. @ :0
[    1768ms] [INFO] Evaluating a string as JavaScript violates the following Content Security Policy directive because 'unsafe-eval' is not an allowed source of script: "script-src 'unsafe-inline'".
 The policy is report-only, so the violation has been logged but no further action has been taken. @ :0
[    1769ms] [INFO] Evaluating a string as JavaScript violates the following Content Security Policy directive because 'unsafe-eval' is not an allowed source of script: "script-src 'unsafe-inline'".
 The policy is report-only, so the violation has been logged but no further action has been taken. @ :0
[    1769ms] [INFO] Evaluating a string as JavaScript violates the following Content Security Policy directive because 'unsafe-eval' is not an allowed source of script: "script-src 'unsafe-inline'".
 The policy is report-only, so the violation has been logged but no further action has been taken. @ :0
[    1770ms] [INFO] Evaluating a string as JavaScript violates the following Content Security Policy directive because 'unsafe-eval' is not an allowed source of script: "script-src 'unsafe-inline'".
 The policy is report-only, so the violation has been logged but no further action has been taken. @ :0
[    1770ms] [INFO] Evaluating a string as JavaScript violates the following Content Security Policy directive because 'unsafe-eval' is not an allowed source of script: "script-src 'unsafe-inline'".
 The policy is report-only, so the violation has been logged but no further action has been taken. @ :0
[    1770ms] [INFO] Evaluating a string as JavaScript violates the following Content Security Policy directive because 'unsafe-eval' is not an allowed source of script: "script-src 'unsafe-inline'".
 The policy is report-only, so the violation has been logged but no further action has been taken. @ :0
[    1771ms] [INFO] Evaluating a string as JavaScript violates the following Content Security Policy directive because 'unsafe-eval' is not an allowed source of script: "script-src 'unsafe-inline'".
 The policy is report-only, so the violation has been logged but no further action has been taken. @ :0
[    1771ms] [INFO] Evaluating a string as JavaScript violates the following Content Security Policy directive because 'unsafe-eval' is not an allowed source of script: "script-src 'unsafe-inline'".
 The policy is report-only, so the violation has been logged but no further action has been taken. @ :0
[    1771ms] [INFO] Evaluating a string as JavaScript violates the following Content Security Policy directive because 'unsafe-eval' is not an allowed source of script: "script-src 'unsafe-inline'".
 The policy is report-only, so the violation has been logged but no further action has been taken. @ :0
[    1782ms] [INFO] Evaluating a string as JavaScript violates the following Content Security Policy directive because 'unsafe-eval' is not an allowed source of script: "script-src 'unsafe-inline'".
 The policy is report-only, so the violation has been logged but no further action has been taken. @ :0
[    1782ms] [INFO] Evaluating a string as JavaScript violates the following Content Security Policy directive because 'unsafe-eval' is not an allowed source of script: "script-src 'unsafe-inline'".
 The policy is report-only, so the violation has been logged but no further action has been taken. @ :0
[    1782ms] [INFO] Evaluating a string as JavaScript violates the following Content Security Policy directive because 'unsafe-eval' is not an allowed source of script: "script-src 'unsafe-inline'".
 The policy is report-only, so the violation has been logged but no further action has been taken. @ :0
[    1783ms] [INFO] Evaluating a string as JavaScript violates the following Content Security Policy directive because 'unsafe-eval' is not an allowed source of script: "script-src 'unsafe-inline'".
 The policy is report-only, so the violation has been logged but no further action has been taken. @ :0
[    1783ms] [INFO] Evaluating a string as JavaScript violates the following Content Security Policy directive because 'unsafe-eval' is not an allowed source of script: "script-src 'unsafe-inline'".
 The policy is report-only, so the violation has been logged but no further action has been taken. @ :0
[    1785ms] [INFO] Evaluating a string as JavaScript violates the following Content Security Policy directive because 'unsafe-eval' is not an allowed source of script: "script-src 'unsafe-inline'".
 The policy is report-only, so the violation has been logged but no further action has been taken. @ :0
[    1785ms] [INFO] Evaluating a string as JavaScript violates the following Content Security Policy directive because 'unsafe-eval' is not an allowed source of script: "script-src 'unsafe-inline'".
 The policy is report-only, so the violation has been logged but no further action has been taken. @ :0
[    1785ms] [INFO] Evaluating a string as JavaScript violates the following Content Security Policy directive because 'unsafe-eval' is not an allowed source of script: "script-src 'unsafe-inline'".
 The policy is report-only, so the violation has been logged but no further action has been taken. @ :0
[    1787ms] [INFO] Evaluating a string as JavaScript violates the following Content Security Policy directive because 'unsafe-eval' is not an allowed source of script: "script-src 'unsafe-inline'".
 The policy is report-only, so the violation has been logged but no further action has been taken. @ :0
[    1790ms] [INFO] Evaluating a string as JavaScript violates the following Content Security Policy directive because 'unsafe-eval' is not an allowed source of script: "script-src 'unsafe-inline'".
 The policy is report-only, so the violation has been logged but no further action has been taken. @ :0
[    1790ms] [INFO] Evaluating a string as JavaScript violates the following Content Security Policy directive because 'unsafe-eval' is not an allowed source of script: "script-src 'unsafe-inline'".
 The policy is report-only, so the violation has been logged but no further action has been taken. @ :0
[    1791ms] [INFO] Evaluating a string as JavaScript violates the following Content Security Policy directive because 'unsafe-eval' is not an allowed source of script: "script-src 'unsafe-inline'".
 The policy is report-only, so the violation has been logged but no further action has been taken. @ :0
[    1793ms] [INFO] Evaluating a string as JavaScript violates the following Content Security Policy directive because 'unsafe-eval' is not an allowed source of script: "script-src 'unsafe-inline'".
 The policy is report-only, so the violation has been logged but no further action has been taken. @ :0
[    1794ms] [INFO] Evaluating a string as JavaScript violates the following Content Security Policy directive because 'unsafe-eval' is not an allowed source of script: "script-src 'unsafe-inline'".
 The policy is report-only, so the violation has been logged but no further action has been taken. @ :0
[    1794ms] [INFO] Evaluating a string as JavaScript violates the following Content Security Policy directive because 'unsafe-eval' is not an allowed source of script: "script-src 'unsafe-inline'".
 The policy is report-only, so the violation has been logged but no further action has been taken. @ :0
[    1798ms] [INFO] Evaluating a string as JavaScript violates the following Content Security Policy directive because 'unsafe-eval' is not an allowed source of script: "script-src 'unsafe-inline'".
 The policy is report-only, so the violation has been logged but no further action has been taken. @ :0
[    1800ms] [INFO] Evaluating a string as JavaScript violates the following Content Security Policy directive because 'unsafe-eval' is not an allowed source of script: "script-src 'unsafe-inline'".
 The policy is report-only, so the violation has been logged but no further action has been taken. @ :0
[    1884ms] [INFO] Evaluating a string as JavaScript violates the following Content Security Policy directive because 'unsafe-eval' is not an allowed source of script: "script-src 'unsafe-inline'".
 The policy is report-only, so the violation has been logged but no further action has been taken. @ :0
[    4241ms] [INFO] Evaluating a string as JavaScript violates the following Content Security Policy directive because 'unsafe-eval' is not an allowed source of script: "script-src 'unsafe-inline'".
 The policy is report-only, so the violation has been logged but no further action has been taken. @ :0
[   19793ms] [INFO] Evaluating a string as JavaScript violates the following Content Security Policy directive because 'unsafe-eval' is not an allowed source of script: "script-src 'unsafe-inline'".
 The policy is report-only, so the violation has been logged but no further action has been taken. @ :0
[   19793ms] [INFO] Evaluating a string as JavaScript violates the following Content Security Policy directive because 'unsafe-eval' is not an allowed source of script: "script-src 'unsafe-inline'".
 The policy is report-only, so the violation has been logged but no further action has been taken. @ :0
[   19794ms] [INFO] Evaluating a string as JavaScript violates the following Content Security Policy directive because 'unsafe-eval' is not an allowed source of script: "script-src 'unsafe-inline'".
 The policy is report-only, so the violation has been logged but no further action has been taken. @ :0
[   19794ms] [INFO] Evaluating a string as JavaScript violates the following Content Security Policy directive because 'unsafe-eval' is not an allowed source of script: "script-src 'unsafe-inline'".
 The policy is report-only, so the violation has been logged but no further action has been taken. @ :0
[   19794ms] [INFO] Evaluating a string as JavaScript violates the following Content Security Policy directive because 'unsafe-eval' is not an allowed source of script: "script-src 'unsafe-inline'".
 The policy is report-only, so the violation has been logged but no further action has been taken. @ :0
[   19795ms] [INFO] Evaluating a string as JavaScript violates the following Content Security Policy directive because 'unsafe-eval' is not an allowed source of script: "script-src 'unsafe-inline'".
 The policy is report-only, so the violation has been logged but no further action has been taken. @ :0
[   19796ms] [INFO] Evaluating a string as JavaScript violates the following Content Security Policy directive because 'unsafe-eval' is not an allowed source of script: "script-src 'unsafe-inline'".
 The policy is report-only, so the violation has been logged but no further action has been taken. @ :0
[   19796ms] [INFO] Evaluating a string as JavaScript violates the following Content Security Policy directive because 'unsafe-eval' is not an allowed source of script: "script-src 'unsafe-inline'".
 The policy is report-only, so the violation has been logged but no further action has been taken. @ :0
[   19798ms] [INFO] Evaluating a string as JavaScript violates the following Content Security Policy directive because 'unsafe-eval' is not an allowed source of script: "script-src 'unsafe-inline'".
 The policy is report-only, so the violation has been logged but no further action has been taken. @ :0
[   19800ms] [INFO] Evaluating a string as JavaScript violates the following Content Security Policy directive because 'unsafe-eval' is not an allowed source of script: "script-src 'unsafe-inline'".
 The policy is report-only, so the violation has been logged but no further action has been taken. @ :0
[   19801ms] [INFO] Evaluating a string as JavaScript violates the following Content Security Policy directive because 'unsafe-eval' is not an allowed source of script: "script-src 'unsafe-inline'".
 The policy is report-only, so the violation has been logged but no further action has been taken. @ :0
[   19801ms] [INFO] Evaluating a string as JavaScript violates the following Content Security Policy directive because 'unsafe-eval' is not an allowed source of script: "script-src 'unsafe-inline'".
 The policy is report-only, so the violation has been logged but no further action has been taken. @ :0
[   19802ms] [INFO] Evaluating a string as JavaScript violates the following Content Security Policy directive because 'unsafe-eval' is not an allowed source of script: "script-src 'unsafe-inline'".
 The policy is report-only, so the violation has been logged but no further action has been taken. @ :0
[   19802ms] [INFO] Evaluating a string as JavaScript violates the following Content Security Policy directive because 'unsafe-eval' is not an allowed source of script: "script-src 'unsafe-inline'".
 The policy is report-only, so the violation has been logged but no further action has been taken. @ :0
[   19802ms] [INFO] Evaluating a string as JavaScript violates the following Content Security Policy directive because 'unsafe-eval' is not an allowed source of script: "script-src 'unsafe-inline'".
 The policy is report-only, so the violation has been logged but no further action has been taken. @ :0
[   19803ms] [VERBOSE] [DOM] Input elements should have autocomplete attributes (suggested: "current-password"): (More info: https://goo.gl/9p2vKq) %o @ http://localhost:44300/Login.aspx:0
[   19803ms] [INFO] Evaluating a string as JavaScript violates the following Content Security Policy directive because 'unsafe-eval' is not an allowed source of script: "script-src 'unsafe-inline'".
 The policy is report-only, so the violation has been logged but no further action has been taken. @ :0
[   19804ms] [INFO] Evaluating a string as JavaScript violates the following Content Security Policy directive because 'unsafe-eval' is not an allowed source of script: "script-src 'unsafe-inline'".
 The policy is report-only, so the violation has been logged but no further action has been taken. @ :0
[   19804ms] [INFO] Evaluating a string as JavaScript violates the following Content Security Policy directive because 'unsafe-eval' is not an allowed source of script: "script-src 'unsafe-inline'".
 The policy is report-only, so the violation has been logged but no further action has been taken. @ :0
[   19804ms] [INFO] Evaluating a string as JavaScript violates the following Content Security Policy directive because 'unsafe-eval' is not an allowed source of script: "script-src 'unsafe-inline'".
 The policy is report-only, so the violation has been logged but no further action has been taken. @ :0
[   19805ms] [INFO] Evaluating a string as JavaScript violates the following Content Security Policy directive because 'unsafe-eval' is not an allowed source of script: "script-src 'unsafe-inline'".
 The policy is report-only, so the violation has been logged but no further action has been taken. @ :0
[   19807ms] [INFO] Evaluating a string as JavaScript violates the following Content Security Policy directive because 'unsafe-eval' is not an allowed source of script: "script-src 'unsafe-inline'".
 The policy is report-only, so the violation has been logged but no further action has been taken. @ :0
[   19808ms] [INFO] Evaluating a string as JavaScript violates the following Content Security Policy directive because 'unsafe-eval' is not an allowed source of script: "script-src 'unsafe-inline'".
 The policy is report-only, so the violation has been logged but no further action has been taken. @ :0
[   19808ms] [INFO] Evaluating a string as JavaScript violates the following Content Security Policy directive because 'unsafe-eval' is not an allowed source of script: "script-src 'unsafe-inline'".
 The policy is report-only, so the violation has been logged but no further action has been taken. @ :0
[   19813ms] [INFO] Evaluating a string as JavaScript violates the following Content Security Policy directive because 'unsafe-eval' is not an allowed source of script: "script-src 'unsafe-inline'".
 The policy is report-only, so the violation has been logged but no further action has been taken. @ :0
[   19814ms] [INFO] Evaluating a string as JavaScript violates the following Content Security Policy directive because 'unsafe-eval' is not an allowed source of script: "script-src 'unsafe-inline'".
 The policy is report-only, so the violation has been logged but no further action has been taken. @ :0
