[    1134ms] [WARNING] An error occurred! For more details, see the full error text at https://go.apollo.dev/c/err#%7B%22version%22%3A%223.14.0%22%2C%22message%22%3A78%2C%22args%22%3A%5B%22useLazyQuery%22%2C%22variables%22%2C%22Pass%20all%20%60variables%60%20to%20the%20returned%20%60execute%60%20function%20instead.%22%5D%7D @ https://www.ted.com/_next/static/chunks/04r682~ipmtl6.js:0
[    1420ms] [INFO] [CMP→GAM] Osano initialized with consent: {ESSENTIAL: ACCEPT, STORAGE: ACCEPT, MARKETING: ACCEPT, PERSONALIZATION: ACCEPT, ANALYTICS: ACCEPT} @ https://www.ted.com/_next/static/chunks/0m3faisuvsdt2.js:0
[    1789ms] [WARNING] [GPT] PubAdsService.clearTargeting is deprecated, use googletag.setConfig({targeting: ...}) instead.
https://goo.gle/gpt-message#170 @ https://www.ted.com/_next/static/chunks/0m3faisuvsdt2.js:0
[    2381ms] [WARNING] [GPT] Using deprecated googletag.encryptedSignalProviders. Please use googletag.secureSignalProviders instead.
https://goo.gle/gpt-message#155 @ https://www.ted.com/_next/static/chunks/0m3faisuvsdt2.js:0
[    3664ms] [WARNING] [GPT] Using deprecated googletag.encryptedSignalProviders. Please use googletag.secureSignalProviders instead.
https://goo.gle/gpt-message#155 @ https://www.ted.com/_next/static/chunks/0m3faisuvsdt2.js:0
[    7377ms] [ERROR] Failed to load resource: net::ERR_NAME_NOT_RESOLVED @ https://rt.marphezis.com/js?pid=20506&size=728x90&dom=ted.com&gdpr=0&gdpr_concent=:0
[    7377ms] [ERROR] Failed to load resource: net::ERR_NAME_NOT_RESOLVED @ https://rt.marphezis.com/tracking/tag_loaded?pid=20506&size=728x90&dom=ted.com:0
[    7395ms] [ERROR] Attestation check for Shared Storage on https://www.googleadservices.com failed. @ https://www.googleadservices.com/pagead/managed/js/activeview/current/reach_worklet.html:0
[    7417ms] [ERROR] Attestation check for Shared Storage on https://www.googleadservices.com failed. @ https://www.googleadservices.com/pagead/managed/js/activeview/current/reach_worklet.html:0
[    7682ms] [ERROR] Failed to load resource: net::ERR_NAME_NOT_RESOLVED @ https://rt.marphezis.com/tracking/client_load_error?pid=20506&size=728x90&dom=ted.com:0
[    8633ms] [ERROR] Failed to load resource: net::ERR_NAME_NOT_RESOLVED @ https://dps.jp.cinarra.com/pxd?PLATFORM_ID=1&USER_ID=f9784aff-7130-8d07-e38f-06ac6e3c7995:0
[   10920ms] [LOG] Download the Apollo DevTools for a better development experience: %s https://chrome.google.com/webstore/detail/apollo-client-developer-t/jdkknkkbebbapilgoeccciglkfbmbnfm @ https://www.ted.com/_next/static/chunks/0m3faisuvsdt2.js:0
[   11375ms] [ERROR] Failed to load resource: net::ERR_CONNECTION_REFUSED @ https://cs.nex8.net/cs/openx:0
[   17153ms] [WARNING] The resource https://static.fundraiseup.com/elements-vendors.71b17971fc522d67.js was preloaded using link preload but not used within a few seconds from the window's load event. Please make sure it has an appropriate `as` value and it is preloaded intentionally. @ https://www.ted.com/playlists/299/the_importance_of_self_care:0
[   17153ms] [WARNING] The resource https://static.fundraiseup.com/elements-langs-vendors.b7cca87aae2d0344.js was preloaded using link preload but not used within a few seconds from the window's load event. Please make sure it has an appropriate `as` value and it is preloaded intentionally. @ https://www.ted.com/playlists/299/the_importance_of_self_care:0
[   65688ms] [WARNING] The resource https://static.fundraiseup.com/elements-vendors.71b17971fc522d67.js was preloaded using link preload but not used within a few seconds from the window's load event. Please make sure it has an appropriate `as` value and it is preloaded intentionally. @ https://www.ted.com/playlists/299/the_importance_of_self_care:0
[   65688ms] [WARNING] The resource https://static.fundraiseup.com/elements-langs-vendors.b7cca87aae2d0344.js was preloaded using link preload but not used within a few seconds from the window's load event. Please make sure it has an appropriate `as` value and it is preloaded intentionally. @ https://www.ted.com/playlists/299/the_importance_of_self_care:0
[    7377ms] [ERROR] Failed to load resource: net::ERR_NAME_NOT_RESOLVED @ https://rt.marphezis.com/js?pid=20506&size=728x90&dom=ted.com&gdpr=0&gdpr_concent=:0
[    7377ms] [ERROR] Failed to load resource: net::ERR_NAME_NOT_RESOLVED @ https://rt.marphezis.com/tracking/tag_loaded?pid=20506&size=728x90&dom=ted.com:0
[    7682ms] [ERROR] Failed to load resource: net::ERR_NAME_NOT_RESOLVED @ https://rt.marphezis.com/tracking/client_load_error?pid=20506&size=728x90&dom=ted.com:0
[    7395ms] [ERROR] Attestation check for Shared Storage on https://www.googleadservices.com failed. @ https://www.googleadservices.com/pagead/managed/js/activeview/current/reach_worklet.html:0
[    7417ms] [ERROR] Attestation check for Shared Storage on https://www.googleadservices.com failed. @ https://www.googleadservices.com/pagead/managed/js/activeview/current/reach_worklet.html:0
[   69994ms] [ERROR] Attestation check for Shared Storage on https://www.googleadservices.com failed. @ https://www.googleadservices.com/pagead/managed/js/activeview/current/reach_worklet.html:0
